<?xml version="1.0" encoding="UTF-8"?>
<testng-results ignored="0" total="1" passed="1" failed="0" skipped="0">
  <reporter-output>
    <line>
      <![CDATA[Logged in successfully]]>
    </line>
    <line>
      <![CDATA[Added Pickup location]]>
    </line>
    <line>
      <![CDATA[Added Drop Off location]]>
    </line>
    <line>
      <![CDATA[16122021104503]]>
    </line>
    <line>
      <![CDATA[Load Created Successfully]]>
    </line>
  </reporter-output>
  <suite started-at="2021-12-16T10:44:40 IST" name="Default suite" finished-at="2021-12-16T10:46:02 IST" duration-ms="82193">
    <groups>
      <group name="regression">
        <method signature="FreightInvoiceEdit.validateInvoiceCreation()[pri:1, instance:Scripts.FreightInvoiceEdit@222eb8aa]" name="validateInvoiceCreation" class="Scripts.FreightInvoiceEdit"/>
      </group> <!-- regression -->
    </groups>
    <test started-at="2021-12-16T10:44:40 IST" name="Default test" finished-at="2021-12-16T10:46:02 IST" duration-ms="82193">
      <class name="Scripts.FreightInvoiceEdit">
        <test-method is-config="true" signature="configBC()[pri:0, instance:Scripts.FreightInvoiceEdit@222eb8aa]" started-at="2021-12-16T10:44:34 IST" name="configBC" finished-at="2021-12-16T10:44:40 IST" duration-ms="5549" status="PASS">
          <reporter-output>
          </reporter-output>
        </test-method> <!-- configBC -->
        <test-method is-config="true" signature="configBT()[pri:0, instance:Scripts.FreightInvoiceEdit@222eb8aa]" started-at="2021-12-16T10:44:40 IST" name="configBT" finished-at="2021-12-16T10:44:40 IST" duration-ms="2" status="PASS">
          <reporter-output>
          </reporter-output>
        </test-method> <!-- configBT -->
        <test-method is-config="true" signature="configBM(java.lang.reflect.Method)[pri:0, instance:Scripts.FreightInvoiceEdit@222eb8aa]" started-at="2021-12-16T10:44:40 IST" name="configBM" finished-at="2021-12-16T10:44:47 IST" duration-ms="6838" status="PASS">
          <params>
            <param index="0">
              <value>
                <![CDATA[public void Scripts.FreightInvoiceEdit.validateInvoiceCreation() throws java.lang.Throwable]]>
              </value>
            </param>
          </params>
          <reporter-output>
            <line>
              <![CDATA[Logged in successfully]]>
            </line>
          </reporter-output>
        </test-method> <!-- configBM -->
        <test-method signature="validateInvoiceCreation()[pri:1, instance:Scripts.FreightInvoiceEdit@222eb8aa]" started-at="2021-12-16T10:44:47 IST" name="validateInvoiceCreation" finished-at="2021-12-16T10:46:02 IST" duration-ms="74989" status="PASS">
          <reporter-output>
            <line>
              <![CDATA[Added Pickup location]]>
            </line>
            <line>
              <![CDATA[Added Drop Off location]]>
            </line>
            <line>
              <![CDATA[16122021104503]]>
            </line>
            <line>
              <![CDATA[Load Created Successfully]]>
            </line>
          </reporter-output>
        </test-method> <!-- validateInvoiceCreation -->
        <test-method is-config="true" signature="conficAC()[pri:0, instance:Scripts.FreightInvoiceEdit@222eb8aa]" started-at="2021-12-16T10:46:02 IST" name="conficAC" finished-at="2021-12-16T10:46:03 IST" duration-ms="596" status="PASS">
          <reporter-output>
          </reporter-output>
        </test-method> <!-- conficAC -->
      </class> <!-- Scripts.FreightInvoiceEdit -->
    </test> <!-- Default test -->
  </suite> <!-- Default suite -->
</testng-results>
